<?xml version="1.0" encoding="UTF-8"?>
<!-- Generated by org.testng.reporters.JUnitXMLReporter -->
<testsuite ignored="0" hostname="DESKTOP-P43UQSD" failures="0" tests="9" name="Register Page Sucess Test Cases" time="57.573" errors="0" timestamp="2023-05-09T20:17:40 IST">
  <testcase classname="TestLayer.RegisterPageTest" name="validateRegisterFunctionality" time="13.673"/>
  <testcase classname="TestLayer.RegisterSucessTest" name="abc" time="0.008"/>
  <testcase classname="TestLayer.RegisterSucessTest" name="pqr" time="0.0"/>
  <testcase classname="TestLayer.RegisterSucessTest" name="pqr1" time="0.0"/>
  <testcase classname="TestLayer.RegisterSucessTest" name="xyz" time="0.001"/>
  <testcase classname="TestLayer.RegisterSucessTest" name="validateSucessPageUrl" time="0.017"/>
  <testcase classname="TestLayer.RegisterSucessTest" name="validateFirstName" time="0.1"/>
  <testcase classname="TestLayer.RegisterSucessTest" name="validateLastName" time="0.068"/>
  <testcase classname="TestLayer.RegisterSucessTest" name="validateEmailId" time="0.06"/>
</testsuite> <!-- Register Page Sucess Test Cases -->
